<?xml version="1.0" encoding="UTF-8"?>
<coverage generated="1690401073794" clover="3.2.0">
  <project timestamp="1690401073794" name="All files">
    <metrics statements="45" coveredstatements="43" conditionals="44" coveredconditionals="36" methods="6" coveredmethods="6" elements="95" coveredelements="85" complexity="0" loc="45" ncloc="45" packages="3" files="3" classes="3"/>
    <package name="enforce-component-suffix">
      <metrics statements="15" coveredstatements="14" conditionals="20" coveredconditionals="15" methods="2" coveredmethods="2"/>
      <file name="enforce-component-suffix.ts" path="/home/lugalokinho/Desktop/projetos/Dev/poc-stencil-lib/poc-design-system/eslint-plugin-hangar/rules/enforce-component-suffix/enforce-component-suffix.ts">
        <metrics statements="15" coveredstatements="14" conditionals="20" coveredconditionals="15" methods="2" coveredmethods="2"/>
        <line num="2" count="1" type="stmt"/>
        <line num="3" count="1" type="stmt"/>
        <line num="5" count="1" type="stmt"/>
        <line num="6" count="1" type="stmt"/>
        <line num="8" count="1" type="stmt"/>
        <line num="9" count="1" type="stmt"/>
        <line num="28" count="3" type="stmt"/>
        <line num="30" count="2" type="stmt"/>
        <line num="32" count="2" type="cond" truecount="4" falsecount="2"/>
        <line num="33" count="0" type="stmt"/>
        <line num="35" count="2" type="cond" truecount="6" falsecount="2"/>
        <line num="36" count="2" type="cond" truecount="5" falsecount="1"/>
        <line num="37" count="1" type="stmt"/>
        <line num="46" count="3" type="stmt"/>
        <line num="52" count="1" type="stmt"/>
      </file>
    </package>
    <package name="enforce-tsdoc">
      <metrics statements="26" coveredstatements="25" conditionals="24" coveredconditionals="21" methods="3" coveredmethods="3"/>
      <file name="enforce-tsdoc.ts" path="/home/lugalokinho/Desktop/projetos/Dev/poc-stencil-lib/poc-design-system/eslint-plugin-hangar/rules/enforce-tsdoc/enforce-tsdoc.ts">
        <metrics statements="26" coveredstatements="25" conditionals="24" coveredconditionals="21" methods="3" coveredmethods="3"/>
        <line num="2" count="1" type="stmt"/>
        <line num="3" count="1" type="stmt"/>
        <line num="5" count="1" type="stmt"/>
        <line num="6" count="1" type="stmt"/>
        <line num="8" count="1" type="stmt"/>
        <line num="10" count="1" type="stmt"/>
        <line num="11" count="1" type="stmt"/>
        <line num="12" count="1" type="stmt"/>
        <line num="13" count="1" type="stmt"/>
        <line num="15" count="1" type="stmt"/>
        <line num="35" count="4" type="stmt"/>
        <line num="36" count="4" type="stmt"/>
        <line num="37" count="4" type="stmt"/>
        <line num="38" count="4" type="cond" truecount="3" falsecount="1"/>
        <line num="39" count="0" type="stmt"/>
        <line num="41" count="4" type="stmt"/>
        <line num="42" count="4" type="cond" truecount="3" falsecount="1"/>
        <line num="43" count="4" type="stmt"/>
        <line num="44" count="4" type="stmt"/>
        <line num="45" count="4" type="cond" truecount="5" falsecount="1"/>
        <line num="46" count="2" type="cond" truecount="2" falsecount="0"/>
        <line num="49" count="4" type="cond" truecount="2" falsecount="0"/>
        <line num="50" count="2" type="stmt"/>
        <line num="51" count="2" type="stmt"/>
        <line num="58" count="4" type="stmt"/>
        <line num="64" count="1" type="stmt"/>
      </file>
    </package>
    <package name="utils">
      <metrics statements="4" coveredstatements="4" conditionals="0" coveredconditionals="0" methods="1" coveredmethods="1"/>
      <file name="create-rule.ts" path="/home/lugalokinho/Desktop/projetos/Dev/poc-stencil-lib/poc-design-system/eslint-plugin-hangar/rules/utils/create-rule.ts">
        <metrics statements="4" coveredstatements="4" conditionals="0" coveredconditionals="0" methods="1" coveredmethods="1"/>
        <line num="2" count="2" type="stmt"/>
        <line num="3" count="2" type="stmt"/>
        <line num="4" count="2" type="stmt"/>
        <line num="6" count="2" type="stmt"/>
      </file>
    </package>
  </project>
</coverage>
