{"/home/lugalokinho/Desktop/projetos/Dev/poc-stencil-lib/poc-design-system/eslint-plugin-hangar/rules/enforce-component-suffix/enforce-component-suffix.ts": {"path":"/home/lugalokinho/Desktop/projetos/Dev/poc-stencil-lib/poc-design-system/eslint-plugin-hangar/rules/enforce-component-suffix/enforce-component-suffix.ts","statementMap":{"0":{"start":{"line":2,"column":0},"end":{"line":2,"column":62}},"1":{"start":{"line":3,"column":0},"end":{"line":3,"column":27}},"2":{"start":{"line":5,"column":22},"end":{"line":5,"column":53}},"3":{"start":{"line":6,"column":28},"end":{"line":6,"column":75}},"4":{"start":{"line":8,"column":0},"end":{"line":8,"column":47}},"5":{"start":{"line":9,"column":35},"end":{"line":51,"column":2}},"6":{"start":{"line":28,"column":31},"end":{"line":45,"column":9}},"7":{"start":{"line":30,"column":27},"end":{"line":30,"column":38}},"8":{"start":{"line":32,"column":12},"end":{"line":34,"column":13}},"9":{"start":{"line":33,"column":16},"end":{"line":33,"column":23}},"10":{"start":{"line":35,"column":30},"end":{"line":35,"column":139}},"11":{"start":{"line":36,"column":12},"end":{"line":44,"column":13}},"12":{"start":{"line":37,"column":16},"end":{"line":43,"column":19}},"13":{"start":{"line":46,"column":8},"end":{"line":48,"column":10}},"14":{"start":{"line":52,"column":0},"end":{"line":52,"column":45}}},"fnMap":{"0":{"name":"(anonymous_0)","decl":{"start":{"line":26,"column":12},"end":{"line":26,"column":13}},"loc":{"start":{"line":26,"column":25},"end":{"line":49,"column":5}},"line":26},"1":{"name":"(anonymous_1)","decl":{"start":{"line":28,"column":31},"end":{"line":28,"column":32}},"loc":{"start":{"line":28,"column":41},"end":{"line":45,"column":9}},"line":28}},"branchMap":{"0":{"loc":{"start":{"line":32,"column":12},"end":{"line":34,"column":13}},"type":"if","locations":[{"start":{"line":32,"column":12},"end":{"line":34,"column":13}},{"start":{},"end":{}}],"line":32},"1":{"loc":{"start":{"line":32,"column":17},"end":{"line":32,"column":76}},"type":"cond-expr","locations":[{"start":{"line":32,"column":56},"end":{"line":32,"column":62}},{"start":{"line":32,"column":65},"end":{"line":32,"column":76}}],"line":32},"2":{"loc":{"start":{"line":32,"column":17},"end":{"line":32,"column":53}},"type":"binary-expr","locations":[{"start":{"line":32,"column":17},"end":{"line":32,"column":32}},{"start":{"line":32,"column":36},"end":{"line":32,"column":53}}],"line":32},"3":{"loc":{"start":{"line":35,"column":30},"end":{"line":35,"column":139}},"type":"cond-expr","locations":[{"start":{"line":35,"column":123},"end":{"line":35,"column":129}},{"start":{"line":35,"column":132},"end":{"line":35,"column":139}}],"line":35},"4":{"loc":{"start":{"line":35,"column":30},"end":{"line":35,"column":120}},"type":"binary-expr","locations":[{"start":{"line":35,"column":30},"end":{"line":35,"column":103}},{"start":{"line":35,"column":107},"end":{"line":35,"column":120}}],"line":35},"5":{"loc":{"start":{"line":35,"column":36},"end":{"line":35,"column":93}},"type":"cond-expr","locations":[{"start":{"line":35,"column":75},"end":{"line":35,"column":81}},{"start":{"line":35,"column":84},"end":{"line":35,"column":93}}],"line":35},"6":{"loc":{"start":{"line":35,"column":36},"end":{"line":35,"column":72}},"type":"binary-expr","locations":[{"start":{"line":35,"column":36},"end":{"line":35,"column":51}},{"start":{"line":35,"column":55},"end":{"line":35,"column":72}}],"line":35},"7":{"loc":{"start":{"line":36,"column":12},"end":{"line":44,"column":13}},"type":"if","locations":[{"start":{"line":36,"column":12},"end":{"line":44,"column":13}},{"start":{},"end":{}}],"line":36},"8":{"loc":{"start":{"line":36,"column":18},"end":{"line":36,"column":103}},"type":"cond-expr","locations":[{"start":{"line":36,"column":63},"end":{"line":36,"column":69}},{"start":{"line":36,"column":72},"end":{"line":36,"column":103}}],"line":36},"9":{"loc":{"start":{"line":36,"column":18},"end":{"line":36,"column":60}},"type":"binary-expr","locations":[{"start":{"line":36,"column":18},"end":{"line":36,"column":36}},{"start":{"line":36,"column":40},"end":{"line":36,"column":60}}],"line":36}},"s":{"0":1,"1":1,"2":1,"3":1,"4":1,"5":1,"6":3,"7":2,"8":2,"9":0,"10":2,"11":2,"12":1,"13":3,"14":1},"f":{"0":3,"1":2},"b":{"0":[0,2],"1":[0,2],"2":[2,2],"3":[0,2],"4":[2,2],"5":[0,2],"6":[2,2],"7":[1,1],"8":[0,2],"9":[2,2]},"_coverageSchema":"1a1c01bbd47fc00a2c39e90264f33305004495a9","hash":"8a8491d57a0d57cd1e8d6cbf28da51599c58f6b7"}
,"/home/lugalokinho/Desktop/projetos/Dev/poc-stencil-lib/poc-design-system/eslint-plugin-hangar/rules/utils/create-rule.ts": {"path":"/home/lugalokinho/Desktop/projetos/Dev/poc-stencil-lib/poc-design-system/eslint-plugin-hangar/rules/utils/create-rule.ts","statementMap":{"0":{"start":{"line":2,"column":0},"end":{"line":2,"column":62}},"1":{"start":{"line":3,"column":0},"end":{"line":3,"column":28}},"2":{"start":{"line":4,"column":16},"end":{"line":4,"column":51}},"3":{"start":{"line":6,"column":0},"end":{"line":6,"column":77}},"4":{"start":{"line":6,"column":67},"end":{"line":6,"column":75}}},"fnMap":{"0":{"name":"(anonymous_0)","decl":{"start":{"line":6,"column":53},"end":{"line":6,"column":54}},"loc":{"start":{"line":6,"column":67},"end":{"line":6,"column":75}},"line":6}},"branchMap":{},"s":{"0":1,"1":1,"2":1,"3":1,"4":1},"f":{"0":1},"b":{},"_coverageSchema":"1a1c01bbd47fc00a2c39e90264f33305004495a9","hash":"f8bcadeb3d44f540c552ddfd322f570f0441059a"}
}
