{"/home/lugalokinho/Desktop/projetos/Dev/poc-stencil-lib/poc-design-system/eslint-plugin-hangar/rules/enforce-component-suffix/enforce-component-suffix.ts": {"path":"/home/lugalokinho/Desktop/projetos/Dev/poc-stencil-lib/poc-design-system/eslint-plugin-hangar/rules/enforce-component-suffix/enforce-component-suffix.ts","statementMap":{"0":{"start":{"line":2,"column":0},"end":{"line":2,"column":62}},"1":{"start":{"line":3,"column":0},"end":{"line":3,"column":27}},"2":{"start":{"line":5,"column":22},"end":{"line":5,"column":53}},"3":{"start":{"line":6,"column":28},"end":{"line":6,"column":75}},"4":{"start":{"line":8,"column":0},"end":{"line":8,"column":47}},"5":{"start":{"line":9,"column":35},"end":{"line":51,"column":2}},"6":{"start":{"line":28,"column":31},"end":{"line":45,"column":9}},"7":{"start":{"line":30,"column":27},"end":{"line":30,"column":38}},"8":{"start":{"line":32,"column":12},"end":{"line":34,"column":13}},"9":{"start":{"line":33,"column":16},"end":{"line":33,"column":23}},"10":{"start":{"line":35,"column":30},"end":{"line":35,"column":139}},"11":{"start":{"line":36,"column":12},"end":{"line":44,"column":13}},"12":{"start":{"line":37,"column":16},"end":{"line":43,"column":19}},"13":{"start":{"line":46,"column":8},"end":{"line":48,"column":10}},"14":{"start":{"line":52,"column":0},"end":{"line":52,"column":45}}},"fnMap":{"0":{"name":"(anonymous_0)","decl":{"start":{"line":26,"column":12},"end":{"line":26,"column":13}},"loc":{"start":{"line":26,"column":25},"end":{"line":49,"column":5}},"line":26},"1":{"name":"(anonymous_1)","decl":{"start":{"line":28,"column":31},"end":{"line":28,"column":32}},"loc":{"start":{"line":28,"column":41},"end":{"line":45,"column":9}},"line":28}},"branchMap":{"0":{"loc":{"start":{"line":32,"column":12},"end":{"line":34,"column":13}},"type":"if","locations":[{"start":{"line":32,"column":12},"end":{"line":34,"column":13}},{"start":{},"end":{}}],"line":32},"1":{"loc":{"start":{"line":32,"column":17},"end":{"line":32,"column":76}},"type":"cond-expr","locations":[{"start":{"line":32,"column":56},"end":{"line":32,"column":62}},{"start":{"line":32,"column":65},"end":{"line":32,"column":76}}],"line":32},"2":{"loc":{"start":{"line":32,"column":17},"end":{"line":32,"column":53}},"type":"binary-expr","locations":[{"start":{"line":32,"column":17},"end":{"line":32,"column":32}},{"start":{"line":32,"column":36},"end":{"line":32,"column":53}}],"line":32},"3":{"loc":{"start":{"line":35,"column":30},"end":{"line":35,"column":139}},"type":"cond-expr","locations":[{"start":{"line":35,"column":123},"end":{"line":35,"column":129}},{"start":{"line":35,"column":132},"end":{"line":35,"column":139}}],"line":35},"4":{"loc":{"start":{"line":35,"column":30},"end":{"line":35,"column":120}},"type":"binary-expr","locations":[{"start":{"line":35,"column":30},"end":{"line":35,"column":103}},{"start":{"line":35,"column":107},"end":{"line":35,"column":120}}],"line":35},"5":{"loc":{"start":{"line":35,"column":36},"end":{"line":35,"column":93}},"type":"cond-expr","locations":[{"start":{"line":35,"column":75},"end":{"line":35,"column":81}},{"start":{"line":35,"column":84},"end":{"line":35,"column":93}}],"line":35},"6":{"loc":{"start":{"line":35,"column":36},"end":{"line":35,"column":72}},"type":"binary-expr","locations":[{"start":{"line":35,"column":36},"end":{"line":35,"column":51}},{"start":{"line":35,"column":55},"end":{"line":35,"column":72}}],"line":35},"7":{"loc":{"start":{"line":36,"column":12},"end":{"line":44,"column":13}},"type":"if","locations":[{"start":{"line":36,"column":12},"end":{"line":44,"column":13}},{"start":{},"end":{}}],"line":36},"8":{"loc":{"start":{"line":36,"column":18},"end":{"line":36,"column":103}},"type":"cond-expr","locations":[{"start":{"line":36,"column":63},"end":{"line":36,"column":69}},{"start":{"line":36,"column":72},"end":{"line":36,"column":103}}],"line":36},"9":{"loc":{"start":{"line":36,"column":18},"end":{"line":36,"column":60}},"type":"binary-expr","locations":[{"start":{"line":36,"column":18},"end":{"line":36,"column":36}},{"start":{"line":36,"column":40},"end":{"line":36,"column":60}}],"line":36}},"s":{"0":1,"1":1,"2":1,"3":1,"4":1,"5":1,"6":3,"7":2,"8":2,"9":0,"10":2,"11":2,"12":1,"13":3,"14":1},"f":{"0":3,"1":2},"b":{"0":[0,2],"1":[0,2],"2":[2,2],"3":[0,2],"4":[2,2],"5":[0,2],"6":[2,2],"7":[1,1],"8":[0,2],"9":[2,2]},"_coverageSchema":"1a1c01bbd47fc00a2c39e90264f33305004495a9","hash":"8a8491d57a0d57cd1e8d6cbf28da51599c58f6b7"}
,"/home/lugalokinho/Desktop/projetos/Dev/poc-stencil-lib/poc-design-system/eslint-plugin-hangar/rules/enforce-tsdoc/enforce-tsdoc.ts": {"path":"/home/lugalokinho/Desktop/projetos/Dev/poc-stencil-lib/poc-design-system/eslint-plugin-hangar/rules/enforce-tsdoc/enforce-tsdoc.ts","statementMap":{"0":{"start":{"line":2,"column":0},"end":{"line":2,"column":62}},"1":{"start":{"line":3,"column":0},"end":{"line":3,"column":52}},"2":{"start":{"line":5,"column":22},"end":{"line":5,"column":53}},"3":{"start":{"line":6,"column":16},"end":{"line":6,"column":51}},"4":{"start":{"line":8,"column":0},"end":{"line":8,"column":36}},"5":{"start":{"line":10,"column":0},"end":{"line":14,"column":69}},"6":{"start":{"line":11,"column":4},"end":{"line":11,"column":100}},"7":{"start":{"line":12,"column":4},"end":{"line":12,"column":96}},"8":{"start":{"line":13,"column":4},"end":{"line":13,"column":97}},"9":{"start":{"line":15,"column":25},"end":{"line":63,"column":2}},"10":{"start":{"line":35,"column":27},"end":{"line":57,"column":9}},"11":{"start":{"line":36,"column":41},"end":{"line":36,"column":96}},"12":{"start":{"line":37,"column":39},"end":{"line":37,"column":92}},"13":{"start":{"line":38,"column":12},"end":{"line":40,"column":13}},"14":{"start":{"line":39,"column":16},"end":{"line":39,"column":23}},"15":{"start":{"line":41,"column":28},"end":{"line":41,"column":32}},"16":{"start":{"line":42,"column":12},"end":{"line":48,"column":13}},"17":{"start":{"line":43,"column":77},"end":{"line":43,"column":91}},"18":{"start":{"line":44,"column":33},"end":{"line":44,"column":80}},"19":{"start":{"line":45,"column":16},"end":{"line":47,"column":17}},"20":{"start":{"line":46,"column":20},"end":{"line":46,"column":103}},"21":{"start":{"line":49,"column":12},"end":{"line":56,"column":13}},"22":{"start":{"line":50,"column":39},"end":{"line":50,"column":52}},"23":{"start":{"line":51,"column":16},"end":{"line":55,"column":19}},"24":{"start":{"line":58,"column":8},"end":{"line":60,"column":10}},"25":{"start":{"line":64,"column":0},"end":{"line":64,"column":35}}},"fnMap":{"0":{"name":"(anonymous_0)","decl":{"start":{"line":10,"column":1},"end":{"line":10,"column":2}},"loc":{"start":{"line":10,"column":27},"end":{"line":14,"column":1}},"line":10},"1":{"name":"(anonymous_1)","decl":{"start":{"line":34,"column":12},"end":{"line":34,"column":13}},"loc":{"start":{"line":34,"column":25},"end":{"line":61,"column":5}},"line":34},"2":{"name":"(anonymous_2)","decl":{"start":{"line":35,"column":27},"end":{"line":35,"column":28}},"loc":{"start":{"line":35,"column":37},"end":{"line":57,"column":9}},"line":35}},"branchMap":{"0":{"loc":{"start":{"line":14,"column":3},"end":{"line":14,"column":67}},"type":"binary-expr","locations":[{"start":{"line":14,"column":3},"end":{"line":14,"column":17}},{"start":{"line":14,"column":22},"end":{"line":14,"column":66}}],"line":14},"1":{"loc":{"start":{"line":38,"column":12},"end":{"line":40,"column":13}},"type":"if","locations":[{"start":{"line":38,"column":12},"end":{"line":40,"column":13}},{"start":{},"end":{}}],"line":38},"2":{"loc":{"start":{"line":38,"column":16},"end":{"line":38,"column":60}},"type":"binary-expr","locations":[{"start":{"line":38,"column":16},"end":{"line":38,"column":37}},{"start":{"line":38,"column":41},"end":{"line":38,"column":60}}],"line":38},"3":{"loc":{"start":{"line":42,"column":12},"end":{"line":48,"column":13}},"type":"if","locations":[{"start":{"line":42,"column":12},"end":{"line":48,"column":13}},{"start":{},"end":{}}],"line":42},"4":{"loc":{"start":{"line":42,"column":16},"end":{"line":42,"column":58}},"type":"binary-expr","locations":[{"start":{"line":42,"column":16},"end":{"line":42,"column":36}},{"start":{"line":42,"column":40},"end":{"line":42,"column":58}}],"line":42},"5":{"loc":{"start":{"line":45,"column":16},"end":{"line":47,"column":17}},"type":"if","locations":[{"start":{"line":45,"column":16},"end":{"line":47,"column":17}},{"start":{},"end":{}}],"line":45},"6":{"loc":{"start":{"line":45,"column":22},"end":{"line":45,"column":89}},"type":"cond-expr","locations":[{"start":{"line":45,"column":65},"end":{"line":45,"column":71}},{"start":{"line":45,"column":74},"end":{"line":45,"column":89}}],"line":45},"7":{"loc":{"start":{"line":45,"column":22},"end":{"line":45,"column":62}},"type":"binary-expr","locations":[{"start":{"line":45,"column":22},"end":{"line":45,"column":39}},{"start":{"line":45,"column":43},"end":{"line":45,"column":62}}],"line":45},"8":{"loc":{"start":{"line":46,"column":32},"end":{"line":46,"column":102}},"type":"cond-expr","locations":[{"start":{"line":46,"column":53},"end":{"line":46,"column":75}},{"start":{"line":46,"column":78},"end":{"line":46,"column":102}}],"line":46},"9":{"loc":{"start":{"line":49,"column":12},"end":{"line":56,"column":13}},"type":"if","locations":[{"start":{"line":49,"column":12},"end":{"line":56,"column":13}},{"start":{},"end":{}}],"line":49},"10":{"loc":{"start":{"line":54,"column":59},"end":{"line":54,"column":115}},"type":"binary-expr","locations":[{"start":{"line":54,"column":59},"end":{"line":54,"column":79}},{"start":{"line":54,"column":83},"end":{"line":54,"column":115}}],"line":54},"11":{"loc":{"start":{"line":54,"column":120},"end":{"line":54,"column":172}},"type":"binary-expr","locations":[{"start":{"line":54,"column":120},"end":{"line":54,"column":138}},{"start":{"line":54,"column":142},"end":{"line":54,"column":172}}],"line":54}},"s":{"0":1,"1":1,"2":1,"3":1,"4":1,"5":1,"6":1,"7":1,"8":1,"9":1,"10":4,"11":4,"12":4,"13":4,"14":0,"15":4,"16":4,"17":4,"18":4,"19":4,"20":2,"21":4,"22":2,"23":2,"24":4,"25":1},"f":{"0":1,"1":4,"2":4},"b":{"0":[1,1],"1":[0,4],"2":[4,2],"3":[4,0],"4":[4,2],"5":[2,2],"6":[0,4],"7":[4,4],"8":[1,1],"9":[2,2],"10":[2,1],"11":[2,1]},"_coverageSchema":"1a1c01bbd47fc00a2c39e90264f33305004495a9","hash":"ef223eb0d87aa478a204b033cc5fbf8343687d84"}
,"/home/lugalokinho/Desktop/projetos/Dev/poc-stencil-lib/poc-design-system/eslint-plugin-hangar/rules/utils/create-rule.ts": {"path":"/home/lugalokinho/Desktop/projetos/Dev/poc-stencil-lib/poc-design-system/eslint-plugin-hangar/rules/utils/create-rule.ts","statementMap":{"0":{"start":{"line":2,"column":0},"end":{"line":2,"column":62}},"1":{"start":{"line":3,"column":0},"end":{"line":3,"column":28}},"2":{"start":{"line":4,"column":16},"end":{"line":4,"column":51}},"3":{"start":{"line":6,"column":0},"end":{"line":6,"column":77}},"4":{"start":{"line":6,"column":67},"end":{"line":6,"column":75}}},"fnMap":{"0":{"name":"(anonymous_0)","decl":{"start":{"line":6,"column":53},"end":{"line":6,"column":54}},"loc":{"start":{"line":6,"column":67},"end":{"line":6,"column":75}},"line":6}},"branchMap":{},"s":{"0":2,"1":2,"2":2,"3":2,"4":2},"f":{"0":2},"b":{},"_coverageSchema":"1a1c01bbd47fc00a2c39e90264f33305004495a9","hash":"f8bcadeb3d44f540c552ddfd322f570f0441059a"}
}
