TN:
SF:rules/enforce-component-suffix/enforce-component-suffix.ts
FN:26,(anonymous_0)
FN:28,(anonymous_1)
FNF:2
FNH:2
FNDA:3,(anonymous_0)
FNDA:2,(anonymous_1)
DA:2,1
DA:3,1
DA:5,1
DA:6,1
DA:8,1
DA:9,1
DA:28,3
DA:30,2
DA:32,2
DA:33,0
DA:35,2
DA:36,2
DA:37,1
DA:46,3
DA:52,1
LF:15
LH:14
BRDA:32,0,0,0
BRDA:32,0,1,2
BRDA:32,1,0,0
BRDA:32,1,1,2
BRDA:32,2,0,2
BRDA:32,2,1,2
BRDA:35,3,0,0
BRDA:35,3,1,2
BRDA:35,4,0,2
BRDA:35,4,1,2
BRDA:35,5,0,0
BRDA:35,5,1,2
BRDA:35,6,0,2
BRDA:35,6,1,2
BRDA:36,7,0,1
BRDA:36,7,1,1
BRDA:36,8,0,0
BRDA:36,8,1,2
BRDA:36,9,0,2
BRDA:36,9,1,2
BRF:20
BRH:15
end_of_record
TN:
SF:rules/utils/create-rule.ts
FN:6,(anonymous_0)
FNF:1
FNH:1
FNDA:1,(anonymous_0)
DA:2,1
DA:3,1
DA:4,1
DA:6,1
LF:4
LH:4
BRF:0
BRH:0
end_of_record
