TN:
SF:rules/enforce-component-suffix/enforce-component-suffix.ts
FN:26,(anonymous_0)
FN:28,(anonymous_1)
FNF:2
FNH:2
FNDA:3,(anonymous_0)
FNDA:2,(anonymous_1)
DA:2,1
DA:3,1
DA:5,1
DA:6,1
DA:8,1
DA:9,1
DA:28,3
DA:30,2
DA:32,2
DA:33,0
DA:35,2
DA:36,2
DA:37,1
DA:46,3
DA:52,1
LF:15
LH:14
BRDA:32,0,0,0
BRDA:32,0,1,2
BRDA:32,1,0,0
BRDA:32,1,1,2
BRDA:32,2,0,2
BRDA:32,2,1,2
BRDA:35,3,0,0
BRDA:35,3,1,2
BRDA:35,4,0,2
BRDA:35,4,1,2
BRDA:35,5,0,0
BRDA:35,5,1,2
BRDA:35,6,0,2
BRDA:35,6,1,2
BRDA:36,7,0,1
BRDA:36,7,1,1
BRDA:36,8,0,0
BRDA:36,8,1,2
BRDA:36,9,0,2
BRDA:36,9,1,2
BRF:20
BRH:15
end_of_record
TN:
SF:rules/enforce-tsdoc/enforce-tsdoc.ts
FN:10,(anonymous_0)
FN:34,(anonymous_1)
FN:35,(anonymous_2)
FNF:3
FNH:3
FNDA:1,(anonymous_0)
FNDA:4,(anonymous_1)
FNDA:4,(anonymous_2)
DA:2,1
DA:3,1
DA:5,1
DA:6,1
DA:8,1
DA:10,1
DA:11,1
DA:12,1
DA:13,1
DA:15,1
DA:35,4
DA:36,4
DA:37,4
DA:38,4
DA:39,0
DA:41,4
DA:42,4
DA:43,4
DA:44,4
DA:45,4
DA:46,2
DA:49,4
DA:50,2
DA:51,2
DA:58,4
DA:64,1
LF:26
LH:25
BRDA:14,0,0,1
BRDA:14,0,1,1
BRDA:38,1,0,0
BRDA:38,1,1,4
BRDA:38,2,0,4
BRDA:38,2,1,2
BRDA:42,3,0,4
BRDA:42,3,1,0
BRDA:42,4,0,4
BRDA:42,4,1,2
BRDA:45,5,0,2
BRDA:45,5,1,2
BRDA:45,6,0,0
BRDA:45,6,1,4
BRDA:45,7,0,4
BRDA:45,7,1,4
BRDA:46,8,0,1
BRDA:46,8,1,1
BRDA:49,9,0,2
BRDA:49,9,1,2
BRDA:54,10,0,2
BRDA:54,10,1,1
BRDA:54,11,0,2
BRDA:54,11,1,1
BRF:24
BRH:21
end_of_record
TN:
SF:rules/utils/create-rule.ts
FN:6,(anonymous_0)
FNF:1
FNH:1
FNDA:2,(anonymous_0)
DA:2,2
DA:3,2
DA:4,2
DA:6,2
LF:4
LH:4
BRF:0
BRH:0
end_of_record
